number,value,datetime_start,datetime_complete,duration,params_colsample_bytree,params_gamma,params_learning_rate,params_max_bin,params_max_depth,params_min_child_weight,params_reg_alpha,params_reg_lambda,params_subsample,user_attrs_best_iteration,user_attrs_elapsed_time,user_attrs_phase,system_attrs_fixed_params,system_attrs_tpe:relative_params:0,state
0,0.9023196536796538,2026-09-30 23:15:07.394115,2026-09-30 23:15:08.993298,0 days 00:00:01.599183,0.8,0.0,0.092,4096,5,3,0.01,1.0,0.8,60,1.5729148387908936,1,"{'max_depth': 5, 'min_child_weight': 3, 'learning_rate': 0.092, 'gamma': 0.0, 'subsample': 0.8, 'colsample_bytree': 0.8, 'reg_alpha': 0.01, 'reg_lambda': 1.0, 'max_bin': 4096}",,COMPLETE
1,0.9026410389610391,2026-09-30 23:15:08.998626,2026-09-30 23:15:10.662167,0 days 00:00:01.663541,0.65,1.1973169683940732,0.0985595153449124,2048,5,10,0.00018747059221802545,1.1752647960576212,0.65,84,1.6406209468841553,1,,,COMPLETE
2,0.9029225974025976,2026-09-30 23:15:10.666453,2026-09-30 23:15:12.747745,0 days 00:00:02.081292,0.75,0.6084844859190754,0.054672360788274706,4096,5,2,0.0023360223531559876,0.07500295933641415,0.8,108,2.058858871459961,1,,,COMPLETE
3,0.9036233766233768,2026-09-30 23:15:12.751723,2026-09-30 23:15:14.218554,0 days 00:00:01.466831,0.65,0.09290082543999545,0.0873931655089634,256,4,6,0.00020215080921812391,2.8759721562259606,0.85,88,1.4455816745758057,1,,,COMPLETE
4,0.8998722077922079,2026-09-30 23:15:14.223041,2026-09-30 23:15:16.012757,0 days 00:00:01.789716,0.7,0.06877704223043679,0.0796141528089016,2048,6,2,0.12976941336928302,0.0029155533757373392,1.0,71,1.767259120941162,1,,,COMPLETE
5,0.8997122077922077,2026-09-30 23:15:16.017606,2026-09-30 23:15:17.814864,0 days 00:00:01.797258,0.65,1.8437484700462337,0.0878319983048868,1024,8,9,0.00016312543168284647,0.003378449765619961,0.6,74,1.7746660709381104,1,,,COMPLETE
6,0.9006448484848484,2026-09-30 23:15:17.819399,2026-09-30 23:15:19.161709,0 days 00:00:01.342310,0.9,0.14910128735954165,0.10417575846032316,256,6,2,0.0008585370205937364,0.00010615690854925657,1.0,42,1.3213577270507812,1,,,COMPLETE
7,0.9018735930735933,2026-09-30 23:15:19.166521,2026-09-30 23:15:20.560174,0 days 00:00:01.393653,0.6,1.2465962536551158,0.10904827407004747,1024,5,2,0.0028926547478415584,0.0033730802683839276,0.7,58,1.3704888820648193,1,,,COMPLETE
8,0.9006057142857143,2026-09-30 23:15:20.564997,2026-09-30 23:15:22.208701,0 days 00:00:01.643704,0.8,1.541934359909122,0.0849021758055597,1024,7,8,0.01020945174752076,0.0001316569270260006,0.8,61,1.6219210624694824,2,,,COMPLETE
9,0.8982458874458874,2026-09-30 23:15:22.213440,2026-09-30 23:15:24.131017,0 days 00:00:01.917577,0.6,1.5111022770860973,0.07283063384285038,256,8,3,0.0022989704335273256,0.0005722344407174144,0.7,84,1.8941593170166016,2,,,COMPLETE
10,0.9021274458874459,2026-09-30 23:15:24.135818,2026-09-30 23:15:25.757930,0 days 00:00:01.622112,0.65,0.20635880789266792,0.09166656383436438,256,5,7,0.40562798175591336,0.06817753116063303,0.7,85,1.5950429439544678,2,,"{""colsample_bytree"": 0.65, ""gamma"": 0.20635880789266792, ""learning_rate"": 0.09166656383436438, ""max_bin"": 256, ""max_depth"": 5, ""min_child_weight"": 7, ""reg_alpha"": 0.40562798175591336, ""reg_lambda"": 0.06817753116063303, ""subsample"": 0.7}",COMPLETE
11,0.9029683116883117,2026-09-30 23:15:25.762811,2026-09-30 23:15:27.706766,0 days 00:00:01.943955,0.7,0.2665984488117848,0.05020377478890253,256,5,6,0.0006326039897921595,1.5975219110772374,0.85,121,1.9145972728729248,2,,"{""colsample_bytree"": 0.7, ""gamma"": 0.2665984488117848, ""learning_rate"": 0.05020377478890253, ""max_bin"": 256, ""max_depth"": 5, ""min_child_weight"": 6, ""reg_alpha"": 0.0006326039897921595, ""reg_lambda"": 1.5975219110772374, ""subsample"": 0.85}",COMPLETE
12,0.9034954112554112,2026-09-30 23:15:27.711914,2026-09-30 23:15:29.288399,0 days 00:00:01.576485,0.65,0.2536326496811944,0.0726756845008603,256,4,5,0.00018820480512900492,0.10232449514801727,0.8,102,1.5489652156829834,2,,"{""colsample_bytree"": 0.65, ""gamma"": 0.2536326496811944, ""learning_rate"": 0.0726756845008603, ""max_bin"": 256, ""max_depth"": 4, ""min_child_weight"": 5, ""reg_alpha"": 0.00018820480512900492, ""reg_lambda"": 0.10232449514801727, ""subsample"": 0.8}",COMPLETE
13,0.9025972294372293,2026-09-30 23:15:29.293941,2026-09-30 23:15:30.703552,0 days 00:00:01.409611,0.7,0.11719221139194833,0.0996121445580344,256,5,7,0.00028555436067823444,4.040241677216359,0.8,63,1.379194974899292,2,,"{""colsample_bytree"": 0.7, ""gamma"": 0.11719221139194833, ""learning_rate"": 0.0996121445580344, ""max_bin"": 256, ""max_depth"": 5, ""min_child_weight"": 7, ""reg_alpha"": 0.00028555436067823444, ""reg_lambda"": 4.040241677216359, ""subsample"": 0.8}",COMPLETE
14,0.9025840692640692,2026-09-30 23:15:30.708465,2026-09-30 23:15:32.319799,0 days 00:00:01.611334,0.65,0.4782863910198191,0.07566420055088602,256,5,9,0.0004211182116905772,2.1101446837448976,0.9,86,1.5831878185272217,2,,"{""colsample_bytree"": 0.65, ""gamma"": 0.4782863910198191, ""learning_rate"": 0.07566420055088602, ""max_bin"": 256, ""max_depth"": 5, ""min_child_weight"": 9, ""reg_alpha"": 0.0004211182116905772, ""reg_lambda"": 2.1101446837448976, ""subsample"": 0.9}",COMPLETE
15,0.9021250216450216,2026-09-30 23:15:32.325113,2026-09-30 23:15:33.851515,0 days 00:00:01.526402,0.6,0.48050847607894537,0.09647527469478186,256,5,6,0.0006433720242772613,0.03658704504037401,1.0,78,1.4866368770599365,2,,"{""colsample_bytree"": 0.6, ""gamma"": 0.48050847607894537, ""learning_rate"": 0.09647527469478186, ""max_bin"": 256, ""max_depth"": 5, ""min_child_weight"": 6, ""reg_alpha"": 0.0006433720242772613, ""reg_lambda"": 0.03658704504037401, ""subsample"": 1.0}",COMPLETE
16,0.9035709090909091,2026-09-30 23:15:33.856482,2026-09-30 23:15:35.492095,0 days 00:00:01.635613,0.75,0.24752195938148241,0.06952755730596158,256,4,5,0.0006390943301665029,0.023224488561272138,0.75,110,1.6072320938110352,2,,"{""colsample_bytree"": 0.75, ""gamma"": 0.24752195938148241, ""learning_rate"": 0.06952755730596158, ""max_bin"": 256, ""max_depth"": 4, ""min_child_weight"": 5, ""reg_alpha"": 0.0006390943301665029, ""reg_lambda"": 0.023224488561272138, ""subsample"": 0.75}",COMPLETE
17,0.9029399134199135,2026-09-30 23:15:35.497325,2026-09-30 23:15:36.959147,0 days 00:00:01.461822,0.7,0.28905416718866717,0.09499346136714809,256,5,6,0.02469968017654175,4.7435144404740495,0.8,66,1.4332380294799805,2,,"{""colsample_bytree"": 0.7, ""gamma"": 0.28905416718866717, ""learning_rate"": 0.09499346136714809, ""max_bin"": 256, ""max_depth"": 5, ""min_child_weight"": 6, ""reg_alpha"": 0.02469968017654175, ""reg_lambda"": 4.7435144404740495, ""subsample"": 0.8}",COMPLETE
18,0.9042282251082252,2026-09-30 23:15:36.964479,2026-09-30 23:15:38.670316,0 days 00:00:01.705837,0.6,0.047463686005868394,0.08461723066702245,256,4,2,0.004559961879012559,2.3479005331646543,0.9,121,1.6773757934570312,2,,"{""colsample_bytree"": 0.6, ""gamma"": 0.047463686005868394, ""learning_rate"": 0.08461723066702245, ""max_bin"": 256, ""max_depth"": 4, ""min_child_weight"": 2, ""reg_alpha"": 0.004559961879012559, ""reg_lambda"": 2.3479005331646543, ""subsample"": 0.9}",COMPLETE
19,0.9038058874458874,2026-09-30 23:15:38.675464,2026-09-30 23:15:40.165699,0 days 00:00:01.490235,0.7,0.8765229097390914,0.08879306131186329,256,4,2,0.0025847637858197768,2.614866904898115,0.85,87,1.4614627361297607,2,,"{""colsample_bytree"": 0.7, ""gamma"": 0.8765229097390914, ""learning_rate"": 0.08879306131186329, ""max_bin"": 256, ""max_depth"": 4, ""min_child_weight"": 2, ""reg_alpha"": 0.0025847637858197768, ""reg_lambda"": 2.614866904898115, ""subsample"": 0.85}",COMPLETE
20,0.9026408658008658,2026-09-30 23:15:40.170580,2026-09-30 23:15:41.802540,0 days 00:00:01.631960,0.65,0.42524515897937387,0.08287220210895964,256,5,2,0.024539103244770568,1.6945058501467518,0.95,88,1.603621006011963,2,,"{""colsample_bytree"": 0.65, ""gamma"": 0.42524515897937387, ""learning_rate"": 0.08287220210895964, ""max_bin"": 256, ""max_depth"": 5, ""min_child_weight"": 2, ""reg_alpha"": 0.024539103244770568, ""reg_lambda"": 1.6945058501467518, ""subsample"": 0.95}",COMPLETE
21,0.9042729004329004,2026-09-30 23:15:41.807949,2026-09-30 23:15:43.308651,0 days 00:00:01.500702,0.6,0.03184513637791481,0.08321351825099099,256,4,3,0.0034854248342589805,0.18863061877422918,0.9,90,1.4711620807647705,2,,"{""colsample_bytree"": 0.6, ""gamma"": 0.03184513637791481, ""learning_rate"": 0.08321351825099099, ""max_bin"": 256, ""max_depth"": 4, ""min_child_weight"": 3, ""reg_alpha"": 0.0034854248342589805, ""reg_lambda"": 0.18863061877422918, ""subsample"": 0.9}",COMPLETE
22,0.9033877056277057,2026-09-30 23:15:43.315247,2026-09-30 23:15:44.943858,0 days 00:00:01.628611,0.6,0.912276320388651,0.08192712940468644,256,5,3,0.0014363283769348084,4.032529647723122,0.8,90,1.598205804824829,2,,"{""colsample_bytree"": 0.6, ""gamma"": 0.912276320388651, ""learning_rate"": 0.08192712940468644, ""max_bin"": 256, ""max_depth"": 5, ""min_child_weight"": 3, ""reg_alpha"": 0.0014363283769348084, ""reg_lambda"": 4.032529647723122, ""subsample"": 0.8}",COMPLETE
23,0.903953593073593,2026-09-30 23:15:44.949205,2026-09-30 23:15:46.977045,0 days 00:00:02.027840,0.65,0.3584785576969257,0.058386741981487605,256,4,2,0.0018316375746600263,0.37312579116905575,0.9,154,1.996488094329834,2,,"{""colsample_bytree"": 0.65, ""gamma"": 0.3584785576969257, ""learning_rate"": 0.058386741981487605, ""max_bin"": 256, ""max_depth"": 4, ""min_child_weight"": 2, ""reg_alpha"": 0.0018316375746600263, ""reg_lambda"": 0.37312579116905575, ""subsample"": 0.9}",COMPLETE
24,0.9030271861471861,2026-09-30 23:15:46.983204,2026-09-30 23:15:48.747410,0 days 00:00:01.764206,0.65,0.029375838664120694,0.09259563916090346,256,5,2,0.0006691631994634772,3.062417369878567,0.9,80,1.7286300659179688,2,,"{""colsample_bytree"": 0.65, ""gamma"": 0.029375838664120694, ""learning_rate"": 0.09259563916090346, ""max_bin"": 256, ""max_depth"": 5, ""min_child_weight"": 2, ""reg_alpha"": 0.0006691631994634772, ""reg_lambda"": 3.062417369878567, ""subsample"": 0.9}",COMPLETE
25,0.9042443290043292,2026-09-30 23:15:48.754043,2026-09-30 23:15:50.319511,0 days 00:00:01.565468,0.6,0.21762202791474863,0.09333766474856306,256,4,4,0.036815083164751745,0.4455058846104102,0.95,91,1.5349352359771729,2,,"{""colsample_bytree"": 0.6, ""gamma"": 0.21762202791474863, ""learning_rate"": 0.09333766474856306, ""max_bin"": 256, ""max_depth"": 4, ""min_child_weight"": 4, ""reg_alpha"": 0.036815083164751745, ""reg_lambda"": 0.4455058846104102, ""subsample"": 0.95}",COMPLETE
26,0.9044509090909092,2026-09-30 23:15:50.325763,2026-09-30 23:15:51.611311,0 days 00:00:01.285548,0.7,0.4200830939880292,0.1120607416547981,256,4,4,0.01014836430460177,1.1249456360474137,0.9,64,1.2557790279388428,2,,"{""colsample_bytree"": 0.7, ""gamma"": 0.4200830939880292, ""learning_rate"": 0.1120607416547981, ""max_bin"": 256, ""max_depth"": 4, ""min_child_weight"": 4, ""reg_alpha"": 0.01014836430460177, ""reg_lambda"": 1.1249456360474137, ""subsample"": 0.9}",COMPLETE
27,0.9038301298701299,2026-09-30 23:15:51.616740,2026-09-30 23:15:53.063789,0 days 00:00:01.447049,0.6,0.5522698280423561,0.09692513816962817,256,4,4,0.025119729681535717,0.35197325043085037,0.9,84,1.417726993560791,2,,"{""colsample_bytree"": 0.6, ""gamma"": 0.5522698280423561, ""learning_rate"": 0.09692513816962817, ""max_bin"": 256, ""max_depth"": 4, ""min_child_weight"": 4, ""reg_alpha"": 0.025119729681535717, ""reg_lambda"": 0.35197325043085037, ""subsample"": 0.9}",COMPLETE
28,0.904407619047619,2026-09-30 23:15:53.069655,2026-09-30 23:15:54.647635,0 days 00:00:01.577980,0.6,0.002239078968902977,0.07389150981029674,256,4,4,0.0001502484446831262,0.027316080589280218,0.9,103,1.5490930080413818,3,,"{""colsample_bytree"": 0.6, ""gamma"": 0.002239078968902977, ""learning_rate"": 0.07389150981029674, ""max_bin"": 256, ""max_depth"": 4, ""min_child_weight"": 4, ""reg_alpha"": 0.0001502484446831262, ""reg_lambda"": 0.027316080589280218, ""subsample"": 0.9}",COMPLETE
29,0.9036850216450215,2026-09-30 23:15:54.653321,2026-09-30 23:15:56.567496,0 days 00:00:01.914175,0.6,0.5894070069163638,0.05512935403295839,256,4,4,0.0005266811379190013,0.11731389802403346,1.0,155,1.8835170269012451,3,,"{""colsample_bytree"": 0.6, ""gamma"": 0.5894070069163638, ""learning_rate"": 0.05512935403295839, ""max_bin"": 256, ""max_depth"": 4, ""min_child_weight"": 4, ""reg_alpha"": 0.0005266811379190013, ""reg_lambda"": 0.11731389802403346, ""subsample"": 1.0}",COMPLETE
30,0.9037619047619048,2026-09-30 23:15:56.572942,2026-09-30 23:15:58.059320,0 days 00:00:01.486378,0.65,0.4123113483311076,0.07355933987339647,256,4,6,0.00334814049894371,0.010443975696470684,0.9,90,1.4560508728027344,3,,"{""colsample_bytree"": 0.65, ""gamma"": 0.4123113483311076, ""learning_rate"": 0.07355933987339647, ""max_bin"": 256, ""max_depth"": 4, ""min_child_weight"": 6, ""reg_alpha"": 0.00334814049894371, ""reg_lambda"": 0.010443975696470684, ""subsample"": 0.9}",COMPLETE
31,0.9038638961038961,2026-09-30 23:15:58.065252,2026-09-30 23:15:59.539556,0 days 00:00:01.474304,0.6,0.1296533930206638,0.08949885813455077,256,4,4,0.5243850840862126,0.17286437229357912,0.9,89,1.4456050395965576,3,,"{""colsample_bytree"": 0.6, ""gamma"": 0.1296533930206638, ""learning_rate"": 0.08949885813455077, ""max_bin"": 256, ""max_depth"": 4, ""min_child_weight"": 4, ""reg_alpha"": 0.5243850840862126, ""reg_lambda"": 0.17286437229357912, ""subsample"": 0.9}",COMPLETE
32,0.9036754978354977,2026-09-30 23:15:59.545774,2026-09-30 23:16:01.081147,0 days 00:00:01.535373,0.6,0.17074336029445658,0.08549096583501167,256,4,5,0.0015968670038395793,0.36293473580384633,1.0,101,1.5056850910186768,3,,"{""colsample_bytree"": 0.6, ""gamma"": 0.17074336029445658, ""learning_rate"": 0.08549096583501167, ""max_bin"": 256, ""max_depth"": 4, ""min_child_weight"": 5, ""reg_alpha"": 0.0015968670038395793, ""reg_lambda"": 0.36293473580384633, ""subsample"": 1.0}",COMPLETE
33,0.9042760173160171,2026-09-30 23:16:01.086703,2026-09-30 23:16:02.649932,0 days 00:00:01.563229,0.6,0.0167197792289702,0.07552752404388485,256,4,4,0.0003643917628829927,0.0031402404658438464,1.0,102,1.5330908298492432,3,,"{""colsample_bytree"": 0.6, ""gamma"": 0.0167197792289702, ""learning_rate"": 0.07552752404388485, ""max_bin"": 256, ""max_depth"": 4, ""min_child_weight"": 4, ""reg_alpha"": 0.0003643917628829927, ""reg_lambda"": 0.0031402404658438464, ""subsample"": 1.0}",COMPLETE
34,0.9027901298701299,2026-09-30 23:16:02.656458,2026-09-30 23:16:04.081296,0 days 00:00:01.424838,0.75,0.04067769882246914,0.0838172270783967,256,5,4,0.00028181884962254363,0.0022565344212964722,0.95,63,1.3940439224243164,3,,"{""colsample_bytree"": 0.75, ""gamma"": 0.04067769882246914, ""learning_rate"": 0.0838172270783967, ""max_bin"": 256, ""max_depth"": 5, ""min_child_weight"": 4, ""reg_alpha"": 0.00028181884962254363, ""reg_lambda"": 0.0022565344212964722, ""subsample"": 0.95}",COMPLETE
35,0.9046406926406927,2026-09-30 23:16:04.087044,2026-09-30 23:16:05.692350,0 days 00:00:01.605306,0.6,0.146665853194754,0.07941297339961248,1024,4,3,0.000144009396672364,0.015844478185806424,0.9,96,1.557884931564331,3,,"{""colsample_bytree"": 0.6, ""gamma"": 0.146665853194754, ""learning_rate"": 0.07941297339961248, ""max_bin"": 1024, ""max_depth"": 4, ""min_child_weight"": 3, ""reg_alpha"": 0.000144009396672364, ""reg_lambda"": 0.015844478185806424, ""subsample"": 0.9}",COMPLETE
36,0.9044190476190476,2026-09-30 23:16:05.699302,2026-09-30 23:16:07.229033,0 days 00:00:01.529731,0.65,0.3653629508624403,0.0744217946223973,256,4,4,0.00027959967315408646,0.005261399728913499,0.95,95,1.4977710247039795,3,,"{""colsample_bytree"": 0.65, ""gamma"": 0.3653629508624403, ""learning_rate"": 0.0744217946223973, ""max_bin"": 256, ""max_depth"": 4, ""min_child_weight"": 4, ""reg_alpha"": 0.00027959967315408646, ""reg_lambda"": 0.005261399728913499, ""subsample"": 0.95}",COMPLETE
37,0.9032318614718615,2026-09-30 23:16:07.234994,2026-09-30 23:16:08.644953,0 days 00:00:01.409959,0.6,0.03201247318997,0.11294626586716125,1024,4,4,0.00016002758326786687,0.004826170744458884,0.95,75,1.3787379264831543,3,,"{""colsample_bytree"": 0.6, ""gamma"": 0.03201247318997, ""learning_rate"": 0.11294626586716125, ""max_bin"": 1024, ""max_depth"": 4, ""min_child_weight"": 4, ""reg_alpha"": 0.00016002758326786687, ""reg_lambda"": 0.004826170744458884, ""subsample"": 0.95}",COMPLETE
38,0.9048003463203462,2026-09-30 23:16:08.650857,2026-09-30 23:16:10.894912,0 days 00:00:02.244055,0.6,0.24466120282559253,0.04990589363306641,1024,4,2,0.0006286728242480444,0.031675833388080915,0.9,185,2.214125871658325,3,,"{""colsample_bytree"": 0.6, ""gamma"": 0.24466120282559253, ""learning_rate"": 0.04990589363306641, ""max_bin"": 1024, ""max_depth"": 4, ""min_child_weight"": 2, ""reg_alpha"": 0.0006286728242480444, ""reg_lambda"": 0.031675833388080915, ""subsample"": 0.9}",COMPLETE
39,0.903939567099567,2026-09-30 23:16:10.900865,2026-09-30 23:16:12.471626,0 days 00:00:01.570761,0.6,0.3464929846730042,0.08152601931073845,256,4,3,0.0008558921482403821,0.003641404554014099,1.0,106,1.5404629707336426,3,,"{""colsample_bytree"": 0.6, ""gamma"": 0.3464929846730042, ""learning_rate"": 0.08152601931073845, ""max_bin"": 256, ""max_depth"": 4, ""min_child_weight"": 3, ""reg_alpha"": 0.0008558921482403821, ""reg_lambda"": 0.003641404554014099, ""subsample"": 1.0}",COMPLETE
