number,value,datetime_start,datetime_complete,duration,params_bagging_temperature,params_border_count,params_depth,params_l2_leaf_reg,params_learning_rate,params_random_strength,user_attrs_best_iteration,user_attrs_elapsed_time,user_attrs_phase,system_attrs_fixed_params,system_attrs_tpe:relative_params:0,state
0,0.9034670129870129,2026-09-30 23:16:12.574374,2026-09-30 23:16:16.637452,0 days 00:00:04.063078,0.5,254,5,5.0,0.085,1.0,108,4.041703939437866,1,"{'depth': 5, 'l2_leaf_reg': 5.0, 'learning_rate': 0.085, 'random_strength': 1.0, 'bagging_temperature': 0.5, 'border_count': 254}",,COMPLETE
1,0.9033300432900433,2026-09-30 23:16:16.642626,2026-09-30 23:16:20.448669,0 days 00:00:03.806043,0.31203728088487304,254,5,14.310000289738827,0.0985595153449124,2.993292420985183,110,3.7848761081695557,1,,,COMPLETE
2,0.9010389610389611,2026-09-30 23:16:20.453287,2026-09-30 23:16:26.814867,0 days 00:00:06.361580,1.6648852816008435,64,7,10.913016089144637,0.041646759543664195,4.8495492608099715,193,6.34168004989624,1,,,COMPLETE
3,0.9031771428571428,2026-09-30 23:16:26.819146,2026-09-30 23:16:31.275982,0 days 00:00:04.456836,1.223705789444759,254,5,8.34659004285133,0.07455560149136925,1.4561457009902097,130,4.435963153839111,1,,,COMPLETE
4,0.9029821645021645,2026-09-30 23:16:31.280397,2026-09-30 23:16:37.561262,0 days 00:00:06.280865,1.184829137724085,128,6,11.99246345950219,0.05597390257266878,2.571172192068058,196,6.255288124084473,1,,,COMPLETE
5,0.9038289177489178,2026-09-30 23:16:37.565266,2026-09-30 23:16:42.164066,0 days 00:00:04.598800,0.6092275383467414,128,4,14.284397521546666,0.11725056264596474,4.041986740582305,151,4.579686164855957,1,,,COMPLETE
6,0.9036612987012986,2026-09-30 23:16:42.168781,2026-09-30 23:16:50.540017,0 days 00:00:08.371236,0.5175599632000338,64,4,7.932476741557783,0.04275108168921747,4.546602010393911,325,8.351821899414062,1,,,COMPLETE
7,0.903004329004329,2026-09-30 23:16:50.544656,2026-09-30 23:16:54.643631,0 days 00:00:04.098975,1.8789978831283782,254,6,3.5879623773573783,0.11756677022116467,3.8756641168055728,107,4.077939033508301,1,,,COMPLETE
8,0.9040090043290044,2026-09-30 23:16:54.648576,2026-09-30 23:17:02.181899,0 days 00:00:07.533323,0.777354579378964,128,4,3.7437600738680326,0.043618183112843045,1.6266516538163218,268,7.513313055038452,2,,,COMPLETE
9,0.9037194805194805,2026-09-30 23:17:02.186044,2026-09-30 23:17:10.249106,0 days 00:00:08.063062,0.14910128735954165,64,5,8.597745164215478,0.05127393799798101,4.010984903770199,279,8.04338788986206,2,,,COMPLETE
10,0.9026611255411255,2026-09-30 23:17:10.254115,2026-09-30 23:17:15.362117,0 days 00:00:05.108002,0.6821768668382793,128,6,3.0171772855327803,0.06248302313200174,3.3786471282781765,142,5.082620143890381,2,,"{""bagging_temperature"": 0.6821768668382793, ""border_count"": 128, ""depth"": 6, ""l2_leaf_reg"": 3.0171772855327803, ""learning_rate"": 0.06248302313200174, ""random_strength"": 3.3786471282781765}",COMPLETE
11,0.9040425974025974,2026-09-30 23:17:15.366968,2026-09-30 23:17:19.280292,0 days 00:00:03.913324,1.0020148161292346,128,4,5.405792608662209,0.1016294532345896,1.7700700847147737,111,3.888803005218506,2,,"{""bagging_temperature"": 1.0020148161292346, ""border_count"": 128, ""depth"": 4, ""l2_leaf_reg"": 5.405792608662209, ""learning_rate"": 0.1016294532345896, ""random_strength"": 1.7700700847147737}",COMPLETE
12,0.9035601731601732,2026-09-30 23:17:19.284797,2026-09-30 23:17:26.241366,0 days 00:00:06.956569,0.7278530321464369,128,4,2.190654866077529,0.04652231445895562,1.7546350101421215,236,6.933678865432739,2,,"{""bagging_temperature"": 0.7278530321464369, ""border_count"": 128, ""depth"": 4, ""l2_leaf_reg"": 2.190654866077529, ""learning_rate"": 0.04652231445895562, ""random_strength"": 1.7546350101421215}",COMPLETE
13,0.903709090909091,2026-09-30 23:17:26.246615,2026-09-30 23:17:29.730115,0 days 00:00:03.483500,1.149921827874489,128,4,3.478928733580596,0.11210977024654896,1.253592839879316,83,3.4587960243225098,2,,"{""bagging_temperature"": 1.149921827874489, ""border_count"": 128, ""depth"": 4, ""l2_leaf_reg"": 3.478928733580596, ""learning_rate"": 0.11210977024654896, ""random_strength"": 1.253592839879316}",COMPLETE
14,0.9024841558441559,2026-09-30 23:17:29.734929,2026-09-30 23:17:34.678991,0 days 00:00:04.944062,1.004996519957402,128,6,6.544028365343557,0.08590759562778462,2.2788314349052006,116,4.918065071105957,2,,"{""bagging_temperature"": 1.004996519957402, ""border_count"": 128, ""depth"": 6, ""l2_leaf_reg"": 6.544028365343557, ""learning_rate"": 0.08590759562778462, ""random_strength"": 2.2788314349052006}",COMPLETE
15,0.9033284848484848,2026-09-30 23:17:34.683781,2026-09-30 23:17:38.699083,0 days 00:00:04.015302,0.8557607621458124,128,5,1.7174888424829016,0.10370074869099284,2.3627815051448895,105,3.9904768466949463,2,,"{""bagging_temperature"": 0.8557607621458124, ""border_count"": 128, ""depth"": 5, ""l2_leaf_reg"": 1.7174888424829016, ""learning_rate"": 0.10370074869099284, ""random_strength"": 2.3627815051448895}",COMPLETE
16,0.9034683982683982,2026-09-30 23:17:38.703949,2026-09-30 23:17:42.801103,0 days 00:00:04.097154,1.3032271636815527,128,4,6.143871922291114,0.08418415745778735,0.702420145559552,112,4.071732997894287,2,,"{""bagging_temperature"": 1.3032271636815527, ""border_count"": 128, ""depth"": 4, ""l2_leaf_reg"": 6.143871922291114, ""learning_rate"": 0.08418415745778735, ""random_strength"": 0.702420145559552}",COMPLETE
17,0.9040803463203464,2026-09-30 23:17:42.806211,2026-09-30 23:17:48.556799,0 days 00:00:05.750588,0.45380250885617057,128,4,5.583579228895905,0.08854396088064909,2.244251111476313,170,5.726428747177124,2,,"{""bagging_temperature"": 0.45380250885617057, ""border_count"": 128, ""depth"": 4, ""l2_leaf_reg"": 5.583579228895905, ""learning_rate"": 0.08854396088064909, ""random_strength"": 2.244251111476313}",COMPLETE
18,0.903505974025974,2026-09-30 23:17:48.561578,2026-09-30 23:17:52.663673,0 days 00:00:04.102095,0.26791257591996337,128,4,3.6421001459705638,0.0893682888212501,2.5204496776774277,128,4.0587029457092285,2,,"{""bagging_temperature"": 0.26791257591996337, ""border_count"": 128, ""depth"": 4, ""l2_leaf_reg"": 3.6421001459705638, ""learning_rate"": 0.0893682888212501, ""random_strength"": 2.5204496776774277}",COMPLETE
19,0.9039200000000001,2026-09-30 23:17:52.668712,2026-09-30 23:17:56.630610,0 days 00:00:03.961898,0.6400149076953894,128,4,6.168219091433495,0.10950561977810135,1.3168635804397184,123,3.9374639987945557,2,,"{""bagging_temperature"": 0.6400149076953894, ""border_count"": 128, ""depth"": 4, ""l2_leaf_reg"": 6.168219091433495, ""learning_rate"": 0.10950561977810135, ""random_strength"": 1.3168635804397184}",COMPLETE
20,0.9036242424242424,2026-09-30 23:17:56.635180,2026-09-30 23:18:01.035632,0 days 00:00:04.400452,1.0218684233635495,128,4,7.5754556637149335,0.11434316864907128,2.7190943899341806,132,4.376431226730347,2,,"{""bagging_temperature"": 1.0218684233635495, ""border_count"": 128, ""depth"": 4, ""l2_leaf_reg"": 7.5754556637149335, ""learning_rate"": 0.11434316864907128, ""random_strength"": 2.7190943899341806}",COMPLETE
21,0.9038794805194806,2026-09-30 23:18:01.040182,2026-09-30 23:18:04.544085,0 days 00:00:03.503903,0.3063116392308223,128,4,3.652455644596925,0.11643906015786845,1.272932592161572,97,3.4784090518951416,2,,"{""bagging_temperature"": 0.3063116392308223, ""border_count"": 128, ""depth"": 4, ""l2_leaf_reg"": 3.652455644596925, ""learning_rate"": 0.11643906015786845, ""random_strength"": 1.272932592161572}",COMPLETE
22,0.9037487445887447,2026-09-30 23:18:04.548783,2026-09-30 23:18:08.864841,0 days 00:00:04.316058,0.6773021839871,128,5,7.912876977495495,0.09807471009219466,2.260768265444688,119,4.2785749435424805,2,,"{""bagging_temperature"": 0.6773021839871, ""border_count"": 128, ""depth"": 5, ""l2_leaf_reg"": 7.912876977495495, ""learning_rate"": 0.09807471009219466, ""random_strength"": 2.260768265444688}",COMPLETE
23,0.9039480519480521,2026-09-30 23:18:08.869918,2026-09-30 23:18:13.328493,0 days 00:00:04.458575,1.4186349513836458,128,4,3.5415274077898653,0.09034448841188608,2.4772003568215664,144,4.432244062423706,2,,"{""bagging_temperature"": 1.4186349513836458, ""border_count"": 128, ""depth"": 4, ""l2_leaf_reg"": 3.5415274077898653, ""learning_rate"": 0.09034448841188608, ""random_strength"": 2.4772003568215664}",COMPLETE
24,0.9040846753246754,2026-09-30 23:18:13.333648,2026-09-30 23:18:16.779866,0 days 00:00:03.446218,0.7951474811220971,128,4,5.092478053411689,0.06764223329911,0.4059423841901768,100,3.4214060306549072,2,,"{""bagging_temperature"": 0.7951474811220971, ""border_count"": 128, ""depth"": 4, ""l2_leaf_reg"": 5.092478053411689, ""learning_rate"": 0.06764223329911, ""random_strength"": 0.4059423841901768}",COMPLETE
25,0.904262857142857,2026-09-30 23:18:16.785115,2026-09-30 23:18:21.758995,0 days 00:00:04.973880,0.16537728011982106,128,4,5.719413746486712,0.0805865233378813,1.9244346620567565,168,4.951391220092773,2,,"{""bagging_temperature"": 0.16537728011982106, ""border_count"": 128, ""depth"": 4, ""l2_leaf_reg"": 5.719413746486712, ""learning_rate"": 0.0805865233378813, ""random_strength"": 1.9244346620567565}",COMPLETE
26,0.9034926406926408,2026-09-30 23:18:21.763890,2026-09-30 23:18:25.814941,0 days 00:00:04.051051,0.6820832479562965,128,4,3.525764187939696,0.07605554097589551,1.5995490660625817,127,4.026067018508911,2,,"{""bagging_temperature"": 0.6820832479562965, ""border_count"": 128, ""depth"": 4, ""l2_leaf_reg"": 3.525764187939696, ""learning_rate"": 0.07605554097589551, ""random_strength"": 1.5995490660625817}",COMPLETE
27,0.9036450216450216,2026-09-30 23:18:25.819981,2026-09-30 23:18:30.120479,0 days 00:00:04.300498,1.046027127627527,128,5,3.2309928275285995,0.07026893281477903,1.6938201390439815,129,4.274609088897705,2,,"{""bagging_temperature"": 1.046027127627527, ""border_count"": 128, ""depth"": 5, ""l2_leaf_reg"": 3.2309928275285995, ""learning_rate"": 0.07026893281477903, ""random_strength"": 1.6938201390439815}",COMPLETE
28,0.9038770562770562,2026-09-30 23:18:30.125966,2026-09-30 23:18:34.748042,0 days 00:00:04.622076,0.011040741286996475,128,4,6.679120116601076,0.07193408444889536,1.2205911773496276,143,4.596045970916748,3,,"{""bagging_temperature"": 0.011040741286996475, ""border_count"": 128, ""depth"": 4, ""l2_leaf_reg"": 6.679120116601076, ""learning_rate"": 0.07193408444889536, ""random_strength"": 1.2205911773496276}",COMPLETE
29,0.9040599134199134,2026-09-30 23:18:34.753028,2026-09-30 23:18:40.348636,0 days 00:00:05.595608,0.25135222511976685,128,4,4.884837568177628,0.07306704748119836,2.7625869223291892,189,5.570501804351807,3,,"{""bagging_temperature"": 0.25135222511976685, ""border_count"": 128, ""depth"": 4, ""l2_leaf_reg"": 4.884837568177628, ""learning_rate"": 0.07306704748119836, ""random_strength"": 2.7625869223291892}",COMPLETE
30,0.9036413852813853,2026-09-30 23:18:40.353721,2026-09-30 23:18:44.119557,0 days 00:00:03.765836,0.3810532537348399,128,4,6.353530071952371,0.09057609019007978,1.0972683667843026,109,3.7406859397888184,3,,"{""bagging_temperature"": 0.3810532537348399, ""border_count"": 128, ""depth"": 4, ""l2_leaf_reg"": 6.353530071952371, ""learning_rate"": 0.09057609019007978, ""random_strength"": 1.0972683667843026}",COMPLETE
31,0.9034926406926406,2026-09-30 23:18:44.125402,2026-09-30 23:18:49.608988,0 days 00:00:05.483586,0.3953094648577747,128,4,5.589433593638928,0.06740407411255057,2.162241690709993,177,5.457153797149658,3,,"{""bagging_temperature"": 0.3953094648577747, ""border_count"": 128, ""depth"": 4, ""l2_leaf_reg"": 5.589433593638928, ""learning_rate"": 0.06740407411255057, ""random_strength"": 2.162241690709993}",COMPLETE
32,0.9036041558441559,2026-09-30 23:18:49.614146,2026-09-30 23:18:55.144067,0 days 00:00:05.529921,0.19748737398983124,128,5,7.087622128266084,0.07206664964590816,2.586700098975489,178,5.505092144012451,3,,"{""bagging_temperature"": 0.19748737398983124, ""border_count"": 128, ""depth"": 5, ""l2_leaf_reg"": 7.087622128266084, ""learning_rate"": 0.07206664964590816, ""random_strength"": 2.586700098975489}",COMPLETE
33,0.9037312554112553,2026-09-30 23:18:55.149624,2026-09-30 23:19:00.216297,0 days 00:00:05.066673,0.09420146083856878,128,4,5.30501970348934,0.08460309939120886,3.5299773827241063,176,5.042939901351929,3,,"{""bagging_temperature"": 0.09420146083856878, ""border_count"": 128, ""depth"": 4, ""l2_leaf_reg"": 5.30501970348934, ""learning_rate"": 0.08460309939120886, ""random_strength"": 3.5299773827241063}",COMPLETE
34,0.9030368831168832,2026-09-30 23:19:00.222097,2026-09-30 23:19:04.667716,0 days 00:00:04.445619,0.2849818599297134,128,5,4.863569377219526,0.08419442521080736,2.7647621491415464,137,4.420804023742676,3,,"{""bagging_temperature"": 0.2849818599297134, ""border_count"": 128, ""depth"": 5, ""l2_leaf_reg"": 4.863569377219526, ""learning_rate"": 0.08419442521080736, ""random_strength"": 2.7647621491415464}",COMPLETE
35,0.9032399999999999,2026-09-30 23:19:04.672904,2026-09-30 23:19:09.551059,0 days 00:00:04.878155,0.29048548037951566,128,5,3.739356752517258,0.06916648002087021,2.9089932227100372,158,4.851818084716797,3,,"{""bagging_temperature"": 0.29048548037951566, ""border_count"": 128, ""depth"": 5, ""l2_leaf_reg"": 3.739356752517258, ""learning_rate"": 0.06916648002087021, ""random_strength"": 2.9089932227100372}",COMPLETE
36,0.9034377489177491,2026-09-30 23:19:09.556367,2026-09-30 23:19:13.212196,0 days 00:00:03.655829,0.3758189306147523,128,4,3.8568764164762435,0.09121980654938563,1.6806186068189453,109,3.6303329467773438,3,,"{""bagging_temperature"": 0.3758189306147523, ""border_count"": 128, ""depth"": 4, ""l2_leaf_reg"": 3.8568764164762435, ""learning_rate"": 0.09121980654938563, ""random_strength"": 1.6806186068189453}",COMPLETE
37,0.9038143722943722,2026-09-30 23:19:13.217473,2026-09-30 23:19:17.857897,0 days 00:00:04.640424,0.634632718998984,128,4,4.655577867401572,0.08876120321080778,2.876362223995069,154,4.614886999130249,3,,"{""bagging_temperature"": 0.634632718998984, ""border_count"": 128, ""depth"": 4, ""l2_leaf_reg"": 4.655577867401572, ""learning_rate"": 0.08876120321080778, ""random_strength"": 2.876362223995069}",COMPLETE
38,0.9042825974025973,2026-09-30 23:19:17.863936,2026-09-30 23:19:21.240041,0 days 00:00:03.376105,0.7850980955833907,128,4,3.7107651036125997,0.07286162125730708,0.340550772525093,94,3.350801944732666,3,,"{""bagging_temperature"": 0.7850980955833907, ""border_count"": 128, ""depth"": 4, ""l2_leaf_reg"": 3.7107651036125997, ""learning_rate"": 0.07286162125730708, ""random_strength"": 0.340550772525093}",COMPLETE
39,0.9035251948051947,2026-09-30 23:19:21.245796,2026-09-30 23:19:25.447983,0 days 00:00:04.202187,0.8463251649590502,128,4,2.1881670934407627,0.07065123818657988,0.8688386574493899,131,4.1778130531311035,3,,"{""bagging_temperature"": 0.8463251649590502, ""border_count"": 128, ""depth"": 4, ""l2_leaf_reg"": 2.1881670934407627, ""learning_rate"": 0.07065123818657988, ""random_strength"": 0.8688386574493899}",COMPLETE
