number,value,datetime_start,datetime_complete,duration,params_bagging_fraction,params_feature_fraction,params_lambda_l1,params_lambda_l2,params_learning_rate,params_max_bin,params_max_depth,params_min_child_samples,params_min_gain_to_split,params_num_leaves,user_attrs_best_iteration,user_attrs_elapsed_time,user_attrs_phase,system_attrs_fixed_params,system_attrs_tpe:relative_params:0,state
0,0.9018237229437229,2026-09-30 23:13:49.350670,2026-09-30 23:13:51.840254,0 days 00:00:02.489584,0.8,0.8,0.01,0.01,0.088,1024,6,30,0.0,36,53,2.460897207260132,1,"{'num_leaves': 36, 'max_depth': 6, 'min_child_samples': 30, 'learning_rate': 0.088, 'feature_fraction': 0.8, 'bagging_fraction': 0.8, 'bagging_freq': 1, 'lambda_l1': 0.01, 'lambda_l2': 0.01, 'min_gain_to_split': 0.0, 'max_bin': 1024}",,COMPLETE
1,0.9006812121212121,2026-09-30 23:13:51.846267,2026-09-30 23:13:54.904595,0 days 00:00:03.058328,0.65,0.65,0.00018747059221802545,1.1752647960576212,0.08789267873576292,1024,8,50,0.3005575058716044,32,71,3.03391695022583,1,,,COMPLETE
2,0.9031804329004329,2026-09-30 23:13:54.909214,2026-09-30 23:13:57.795698,0 days 00:00:02.886484,0.8,0.7,0.010707712109770782,0.0023360223531559876,0.054672360788274706,1024,5,20,0.30592644736118974,56,104,2.863123893737793,1,,,COMPLETE
3,0.9001832034632035,2026-09-30 23:13:57.800111,2026-09-30 23:14:00.423456,0 days 00:00:02.623345,0.6,0.85,0.071587143831198,0.00063283099528693,0.08113875507308892,512,7,20,0.03252579649263976,36,49,2.6008923053741455,1,,,COMPLETE
4,0.9041357575757576,2026-09-30 23:14:00.428549,2026-09-30 23:14:02.368100,0 days 00:00:01.939551,0.8,0.65,0.00014507434860119788,1.8744302901656156,0.0752121994991681,255,4,45,0.12938999080000846,28,103,1.9149260520935059,1,,,COMPLETE
5,0.90392329004329,2026-09-30 23:14:02.372913,2026-09-30 23:14:04.002876,0 days 00:00:01.629963,1.0,1.0,0.0644932207737863,2.1471351325413037,0.10201062586888915,1024,4,60,0.04424625102595975,44,78,1.6070520877838135,1,,,COMPLETE
6,0.9028609523809523,2026-09-30 23:14:04.007520,2026-09-30 23:14:06.541863,0 days 00:00:02.534343,0.8,0.7,0.00045940816125026896,0.5881655048861893,0.06854026613548714,255,5,55,0.03727532183988541,36,100,2.5108048915863037,1,,,COMPLETE
7,0.9030453679653678,2026-09-30 23:14:06.546585,2026-09-30 23:14:08.133268,0 days 00:00:01.586683,0.6,0.9,0.0048352585996829555,0.0003503202443763074,0.09832057344327898,255,8,50,0.43155171293779676,16,43,1.5632829666137695,1,,,COMPLETE
8,0.902762251082251,2026-09-30 23:14:08.137889,2026-09-30 23:14:10.137660,0 days 00:00:01.999771,0.8,0.95,0.00036472856198512985,0.2246548820915795,0.09100459770841704,512,5,50,0.3803925243084487,32,67,1.9761650562286377,2,,,COMPLETE
9,0.9018614718614719,2026-09-30 23:14:10.142730,2026-09-30 23:14:14.238830,0 days 00:00:04.096100,0.85,0.6,0.0030001939141527695,0.02453343858868883,0.04863131415946435,1024,6,15,0.4537832369630465,40,114,4.072351932525635,2,,,COMPLETE
10,0.9039168831168831,2026-09-30 23:14:14.244184,2026-09-30 23:14:16.383049,0 days 00:00:02.138865,0.8,0.6,0.015078957935577193,0.8164482941229033,0.06317234105474759,255,4,60,0.14703660442455077,60,123,2.1078789234161377,2,,"{""bagging_fraction"": 0.8, ""feature_fraction"": 0.6, ""lambda_l1"": 0.015078957935577193, ""lambda_l2"": 0.8164482941229033, ""learning_rate"": 0.06317234105474759, ""max_bin"": 255, ""max_depth"": 4, ""min_child_samples"": 60, ""min_gain_to_split"": 0.14703660442455077, ""num_leaves"": 60}",COMPLETE
11,0.9028322077922077,2026-09-30 23:14:16.387622,2026-09-30 23:14:18.431562,0 days 00:00:02.043940,0.95,0.9,0.17870415994182826,0.3998899629574959,0.10835571666146786,1024,6,60,0.03852193192505518,56,41,2.012709856033325,2,,"{""bagging_fraction"": 0.95, ""feature_fraction"": 0.9, ""lambda_l1"": 0.17870415994182826, ""lambda_l2"": 0.3998899629574959, ""learning_rate"": 0.10835571666146786, ""max_bin"": 1024, ""max_depth"": 6, ""min_child_samples"": 60, ""min_gain_to_split"": 0.03852193192505518, ""num_leaves"": 56}",COMPLETE
12,0.904581818181818,2026-09-30 23:14:18.436162,2026-09-30 23:14:20.055021,0 days 00:00:01.618859,1.0,0.8,0.0026509413403700333,1.6837455289705638,0.08828091665406193,255,4,60,0.13255849163209088,40,78,1.589158058166504,2,,"{""bagging_fraction"": 1.0, ""feature_fraction"": 0.8, ""lambda_l1"": 0.0026509413403700333, ""lambda_l2"": 1.6837455289705638, ""learning_rate"": 0.08828091665406193, ""max_bin"": 255, ""max_depth"": 4, ""min_child_samples"": 60, ""min_gain_to_split"": 0.13255849163209088, ""num_leaves"": 40}",COMPLETE
13,0.9043122077922078,2026-09-30 23:14:20.060330,2026-09-30 23:14:21.734707,0 days 00:00:01.674377,0.85,0.7,0.0009479750447801839,0.13986745354950514,0.09868236982201542,255,4,60,0.18194587586601063,36,77,1.6458330154418945,2,,"{""bagging_fraction"": 0.85, ""feature_fraction"": 0.7, ""lambda_l1"": 0.0009479750447801839, ""lambda_l2"": 0.13986745354950514, ""learning_rate"": 0.09868236982201542, ""max_bin"": 255, ""max_depth"": 4, ""min_child_samples"": 60, ""min_gain_to_split"": 0.18194587586601063, ""num_leaves"": 36}",COMPLETE
14,0.9051574025974025,2026-09-30 23:14:21.739908,2026-09-30 23:14:23.402074,0 days 00:00:01.662166,1.0,0.75,0.03750397400047647,1.3260067404917215,0.10187290105883058,255,4,60,0.15988856318519282,52,76,1.632051944732666,2,,"{""bagging_fraction"": 1.0, ""feature_fraction"": 0.75, ""lambda_l1"": 0.03750397400047647, ""lambda_l2"": 1.3260067404917215, ""learning_rate"": 0.10187290105883058, ""max_bin"": 255, ""max_depth"": 4, ""min_child_samples"": 60, ""min_gain_to_split"": 0.15988856318519282, ""num_leaves"": 52}",COMPLETE
15,0.9052704761904762,2026-09-30 23:14:23.407168,2026-09-30 23:14:25.007554,0 days 00:00:01.600386,0.95,0.7,0.0365913418237129,0.05681530240920356,0.1090374708922887,255,4,60,0.05299065184651325,48,64,1.569568157196045,2,,"{""bagging_fraction"": 0.95, ""feature_fraction"": 0.7, ""lambda_l1"": 0.0365913418237129, ""lambda_l2"": 0.05681530240920356, ""learning_rate"": 0.1090374708922887, ""max_bin"": 255, ""max_depth"": 4, ""min_child_samples"": 60, ""min_gain_to_split"": 0.05299065184651325, ""num_leaves"": 48}",COMPLETE
16,0.9023951515151516,2026-09-30 23:14:25.013159,2026-09-30 23:14:26.976397,0 days 00:00:01.963238,0.85,0.7,0.3452303025830792,0.00480862450467234,0.10611673332607606,255,5,60,0.06325251502171837,64,60,1.9314308166503906,2,,"{""bagging_fraction"": 0.85, ""feature_fraction"": 0.7, ""lambda_l1"": 0.3452303025830792, ""lambda_l2"": 0.00480862450467234, ""learning_rate"": 0.10611673332607606, ""max_bin"": 255, ""max_depth"": 5, ""min_child_samples"": 60, ""min_gain_to_split"": 0.06325251502171837, ""num_leaves"": 64}",COMPLETE
17,0.9036677056277057,2026-09-30 23:14:26.981761,2026-09-30 23:14:28.693348,0 days 00:00:01.711587,0.8,0.75,0.020489143372958422,0.45136762705947725,0.11093889646513415,255,5,60,0.0962777184418106,48,44,1.680008888244629,2,,"{""bagging_fraction"": 0.8, ""feature_fraction"": 0.75, ""lambda_l1"": 0.020489143372958422, ""lambda_l2"": 0.45136762705947725, ""learning_rate"": 0.11093889646513415, ""max_bin"": 255, ""max_depth"": 5, ""min_child_samples"": 60, ""min_gain_to_split"": 0.0962777184418106, ""num_leaves"": 48}",COMPLETE
18,0.9042055411255412,2026-09-30 23:14:28.698878,2026-09-30 23:14:30.657381,0 days 00:00:01.958503,0.95,0.6,0.06610288734213492,3.0288642279178823,0.10144687788513283,255,4,50,0.13619256511576575,60,102,1.9266297817230225,2,,"{""bagging_fraction"": 0.95, ""feature_fraction"": 0.6, ""lambda_l1"": 0.06610288734213492, ""lambda_l2"": 3.0288642279178823, ""learning_rate"": 0.10144687788513283, ""max_bin"": 255, ""max_depth"": 4, ""min_child_samples"": 50, ""min_gain_to_split"": 0.13619256511576575, ""num_leaves"": 60}",COMPLETE
19,0.90459670995671,2026-09-30 23:14:30.663139,2026-09-30 23:14:32.247352,0 days 00:00:01.584213,0.9,0.75,0.01660650255755123,0.29577887753738413,0.10833158767656978,255,4,55,0.25000047988985297,56,63,1.5541071891784668,2,,"{""bagging_fraction"": 0.9, ""feature_fraction"": 0.75, ""lambda_l1"": 0.01660650255755123, ""lambda_l2"": 0.29577887753738413, ""learning_rate"": 0.10833158767656978, ""max_bin"": 255, ""max_depth"": 4, ""min_child_samples"": 55, ""min_gain_to_split"": 0.25000047988985297, ""num_leaves"": 56}",COMPLETE
20,0.9050129870129868,2026-09-30 23:14:32.252790,2026-09-30 23:14:33.829847,0 days 00:00:01.577057,0.95,0.7,0.0023296949088428562,0.00819352530372719,0.10502372164491061,255,4,60,0.17711785390479878,52,65,1.5467190742492676,2,,"{""bagging_fraction"": 0.95, ""feature_fraction"": 0.7, ""lambda_l1"": 0.0023296949088428562, ""lambda_l2"": 0.00819352530372719, ""learning_rate"": 0.10502372164491061, ""max_bin"": 255, ""max_depth"": 4, ""min_child_samples"": 60, ""min_gain_to_split"": 0.17711785390479878, ""num_leaves"": 52}",COMPLETE
21,0.9042230303030303,2026-09-30 23:14:33.835305,2026-09-30 23:14:35.573867,0 days 00:00:01.738562,1.0,0.65,0.388969573976911,0.11759632384154614,0.09649635580940144,255,4,60,0.11806484861758097,48,92,1.709756851196289,2,,"{""bagging_fraction"": 1.0, ""feature_fraction"": 0.65, ""lambda_l1"": 0.388969573976911, ""lambda_l2"": 0.11759632384154614, ""learning_rate"": 0.09649635580940144, ""max_bin"": 255, ""max_depth"": 4, ""min_child_samples"": 60, ""min_gain_to_split"": 0.11806484861758097, ""num_leaves"": 48}",COMPLETE
22,0.9033059740259741,2026-09-30 23:14:35.579599,2026-09-30 23:14:37.328924,0 days 00:00:01.749325,0.95,0.75,0.05063113346909893,0.9234749286331558,0.10897735289998774,255,5,50,0.10738710711093438,36,47,1.717958927154541,2,,"{""bagging_fraction"": 0.95, ""feature_fraction"": 0.75, ""lambda_l1"": 0.05063113346909893, ""lambda_l2"": 0.9234749286331558, ""learning_rate"": 0.10897735289998774, ""max_bin"": 255, ""max_depth"": 5, ""min_child_samples"": 50, ""min_gain_to_split"": 0.10738710711093438, ""num_leaves"": 36}",COMPLETE
23,0.9046978354978356,2026-09-30 23:14:37.334484,2026-09-30 23:14:38.914353,0 days 00:00:01.579869,0.95,0.6,0.0010579928783422188,0.008095612722907708,0.11304144646765946,255,4,55,0.0937870574931351,48,66,1.5333600044250488,2,,"{""bagging_fraction"": 0.95, ""feature_fraction"": 0.6, ""lambda_l1"": 0.0010579928783422188, ""lambda_l2"": 0.008095612722907708, ""learning_rate"": 0.11304144646765946, ""max_bin"": 255, ""max_depth"": 4, ""min_child_samples"": 55, ""min_gain_to_split"": 0.0937870574931351, ""num_leaves"": 48}",COMPLETE
24,0.9046050216450217,2026-09-30 23:14:38.919680,2026-09-30 23:14:40.516872,0 days 00:00:01.597192,0.9,0.75,0.03582559802384525,0.007236568361820704,0.09863087718926707,255,4,55,0.2581434188978477,56,57,1.564512014389038,2,,"{""bagging_fraction"": 0.9, ""feature_fraction"": 0.75, ""lambda_l1"": 0.03582559802384525, ""lambda_l2"": 0.007236568361820704, ""learning_rate"": 0.09863087718926707, ""max_bin"": 255, ""max_depth"": 4, ""min_child_samples"": 55, ""min_gain_to_split"": 0.2581434188978477, ""num_leaves"": 56}",COMPLETE
25,0.9046831168831169,2026-09-30 23:14:40.523845,2026-09-30 23:14:42.071221,0 days 00:00:01.547376,1.0,0.8,0.17312247604015982,0.44386433242503337,0.1056057566739588,255,4,60,0.1545886726865059,60,62,1.4767780303955078,2,,"{""bagging_fraction"": 1.0, ""feature_fraction"": 0.8, ""lambda_l1"": 0.17312247604015982, ""lambda_l2"": 0.44386433242503337, ""learning_rate"": 0.1056057566739588, ""max_bin"": 255, ""max_depth"": 4, ""min_child_samples"": 60, ""min_gain_to_split"": 0.1545886726865059, ""num_leaves"": 60}",COMPLETE
26,0.9036448484848485,2026-09-30 23:14:42.077181,2026-09-30 23:14:43.890377,0 days 00:00:01.813196,1.0,0.8,0.8193258286065442,0.09603855570046099,0.10581917694120246,255,5,60,0.027739240894932255,48,55,1.783586025238037,2,,"{""bagging_fraction"": 1.0, ""feature_fraction"": 0.8, ""lambda_l1"": 0.8193258286065442, ""lambda_l2"": 0.09603855570046099, ""learning_rate"": 0.10581917694120246, ""max_bin"": 255, ""max_depth"": 5, ""min_child_samples"": 60, ""min_gain_to_split"": 0.027739240894932255, ""num_leaves"": 48}",COMPLETE
27,0.9033000865800865,2026-09-30 23:14:43.896699,2026-09-30 23:14:45.923415,0 days 00:00:02.026716,1.0,0.75,0.003232872250578234,0.011190297777782776,0.09076985861093115,255,5,55,0.1854053680592367,48,65,1.996664047241211,2,,"{""bagging_fraction"": 1.0, ""feature_fraction"": 0.75, ""lambda_l1"": 0.003232872250578234, ""lambda_l2"": 0.011190297777782776, ""learning_rate"": 0.09076985861093115, ""max_bin"": 255, ""max_depth"": 5, ""min_child_samples"": 55, ""min_gain_to_split"": 0.1854053680592367, ""num_leaves"": 48}",COMPLETE
28,0.9040644155844155,2026-09-30 23:14:45.929158,2026-09-30 23:14:47.764085,0 days 00:00:01.834927,0.9,0.65,0.061579221366685685,0.6215581613786674,0.09281747180455228,255,4,55,0.2315934167449443,52,86,1.8029470443725586,3,,"{""bagging_fraction"": 0.9, ""feature_fraction"": 0.65, ""lambda_l1"": 0.061579221366685685, ""lambda_l2"": 0.6215581613786674, ""learning_rate"": 0.09281747180455228, ""max_bin"": 255, ""max_depth"": 4, ""min_child_samples"": 55, ""min_gain_to_split"": 0.2315934167449443, ""num_leaves"": 52}",COMPLETE
29,0.9026448484848485,2026-09-30 23:14:47.770439,2026-09-30 23:14:49.942833,0 days 00:00:02.172394,0.9,0.6,0.0009676727316717483,0.0237675516161341,0.09518126708395078,255,5,60,0.1829563387270037,48,71,2.1397078037261963,3,,"{""bagging_fraction"": 0.9, ""feature_fraction"": 0.6, ""lambda_l1"": 0.0009676727316717483, ""lambda_l2"": 0.0237675516161341, ""learning_rate"": 0.09518126708395078, ""max_bin"": 255, ""max_depth"": 5, ""min_child_samples"": 60, ""min_gain_to_split"": 0.1829563387270037, ""num_leaves"": 48}",COMPLETE
30,0.9047222510822511,2026-09-30 23:14:49.948650,2026-09-30 23:14:51.706970,0 days 00:00:01.758320,0.95,0.7,0.011744925760858442,2.8206469971582004,0.10639290311889724,255,4,60,0.2056771832703113,48,73,1.693011999130249,3,,"{""bagging_fraction"": 0.95, ""feature_fraction"": 0.7, ""lambda_l1"": 0.011744925760858442, ""lambda_l2"": 2.8206469971582004, ""learning_rate"": 0.10639290311889724, ""max_bin"": 255, ""max_depth"": 4, ""min_child_samples"": 60, ""min_gain_to_split"": 0.2056771832703113, ""num_leaves"": 48}",COMPLETE
31,0.9047305627705627,2026-09-30 23:14:51.712878,2026-09-30 23:14:53.337604,0 days 00:00:01.624726,0.95,0.7,0.02679473275874365,0.07175054585650992,0.09728691069666687,255,4,60,0.25494222317983417,56,69,1.5936641693115234,3,,"{""bagging_fraction"": 0.95, ""feature_fraction"": 0.7, ""lambda_l1"": 0.02679473275874365, ""lambda_l2"": 0.07175054585650992, ""learning_rate"": 0.09728691069666687, ""max_bin"": 255, ""max_depth"": 4, ""min_child_samples"": 60, ""min_gain_to_split"": 0.25494222317983417, ""num_leaves"": 56}",COMPLETE
32,0.9047241558441558,2026-09-30 23:14:53.343836,2026-09-30 23:14:55.048234,0 days 00:00:01.704398,0.95,0.7,0.006293047864126843,2.7827682349609386,0.10177395131028999,255,4,60,0.020292285636258886,44,81,1.6733691692352295,3,,"{""bagging_fraction"": 0.95, ""feature_fraction"": 0.7, ""lambda_l1"": 0.006293047864126843, ""lambda_l2"": 2.7827682349609386, ""learning_rate"": 0.10177395131028999, ""max_bin"": 255, ""max_depth"": 4, ""min_child_samples"": 60, ""min_gain_to_split"": 0.020292285636258886, ""num_leaves"": 44}",COMPLETE
33,0.9043402597402597,2026-09-30 23:14:55.054179,2026-09-30 23:14:56.564100,0 days 00:00:01.509921,1.0,0.8,0.02987302865211418,0.05785965223109718,0.10891555404756043,255,4,60,0.14071508717298442,52,63,1.4794061183929443,3,,"{""bagging_fraction"": 1.0, ""feature_fraction"": 0.8, ""lambda_l1"": 0.02987302865211418, ""lambda_l2"": 0.05785965223109718, ""learning_rate"": 0.10891555404756043, ""max_bin"": 255, ""max_depth"": 4, ""min_child_samples"": 60, ""min_gain_to_split"": 0.14071508717298442, ""num_leaves"": 52}",COMPLETE
34,0.9032126406926407,2026-09-30 23:14:56.570612,2026-09-30 23:14:58.548970,0 days 00:00:01.978358,1.0,0.7,0.000855243798562277,0.045908889225648175,0.10056081314380637,255,5,60,0.12166490055791233,56,66,1.9471580982208252,3,,"{""bagging_fraction"": 1.0, ""feature_fraction"": 0.7, ""lambda_l1"": 0.000855243798562277, ""lambda_l2"": 0.045908889225648175, ""learning_rate"": 0.10056081314380637, ""max_bin"": 255, ""max_depth"": 5, ""min_child_samples"": 60, ""min_gain_to_split"": 0.12166490055791233, ""num_leaves"": 56}",COMPLETE
35,0.9048193939393938,2026-09-30 23:14:58.555609,2026-09-30 23:15:00.224954,0 days 00:00:01.669345,0.9,0.7,0.12170017024462462,0.014602347015579584,0.09753331075136173,255,4,55,0.1739309319321774,44,74,1.6362721920013428,3,,"{""bagging_fraction"": 0.9, ""feature_fraction"": 0.7, ""lambda_l1"": 0.12170017024462462, ""lambda_l2"": 0.014602347015579584, ""learning_rate"": 0.09753331075136173, ""max_bin"": 255, ""max_depth"": 4, ""min_child_samples"": 55, ""min_gain_to_split"": 0.1739309319321774, ""num_leaves"": 44}",COMPLETE
36,0.904543896103896,2026-09-30 23:15:00.231186,2026-09-30 23:15:01.976814,0 days 00:00:01.745628,0.9,0.65,0.004335106506866139,0.05054896773630268,0.09425852110911753,255,4,60,0.1442724749681091,48,86,1.715548038482666,3,,"{""bagging_fraction"": 0.9, ""feature_fraction"": 0.65, ""lambda_l1"": 0.004335106506866139, ""lambda_l2"": 0.05054896773630268, ""learning_rate"": 0.09425852110911753, ""max_bin"": 255, ""max_depth"": 4, ""min_child_samples"": 60, ""min_gain_to_split"": 0.1442724749681091, ""num_leaves"": 48}",COMPLETE
37,0.904358961038961,2026-09-30 23:15:01.982958,2026-09-30 23:15:03.664262,0 days 00:00:01.681304,0.9,0.7,0.5049696935196533,0.7237539656597392,0.10360272504227973,255,4,55,0.08675269676057201,52,77,1.6323509216308594,3,,"{""bagging_fraction"": 0.9, ""feature_fraction"": 0.7, ""lambda_l1"": 0.5049696935196533, ""lambda_l2"": 0.7237539656597392, ""learning_rate"": 0.10360272504227973, ""max_bin"": 255, ""max_depth"": 4, ""min_child_samples"": 55, ""min_gain_to_split"": 0.08675269676057201, ""num_leaves"": 52}",COMPLETE
38,0.9043838961038961,2026-09-30 23:15:03.670216,2026-09-30 23:15:05.318887,0 days 00:00:01.648671,1.0,0.7,0.04816861000655714,0.7323728140779704,0.10540246431050708,255,4,60,0.1721975352624385,48,76,1.6149098873138428,3,,"{""bagging_fraction"": 1.0, ""feature_fraction"": 0.7, ""lambda_l1"": 0.04816861000655714, ""lambda_l2"": 0.7323728140779704, ""learning_rate"": 0.10540246431050708, ""max_bin"": 255, ""max_depth"": 4, ""min_child_samples"": 60, ""min_gain_to_split"": 0.1721975352624385, ""num_leaves"": 48}",COMPLETE
39,0.9026509090909093,2026-09-30 23:15:05.325576,2026-09-30 23:15:07.292893,0 days 00:00:01.967317,1.0,0.65,0.0017146246271318053,0.002097760741185217,0.10329858930328878,255,5,60,0.15691620993546482,48,66,1.934711217880249,3,,"{""bagging_fraction"": 1.0, ""feature_fraction"": 0.65, ""lambda_l1"": 0.0017146246271318053, ""lambda_l2"": 0.002097760741185217, ""learning_rate"": 0.10329858930328878, ""max_bin"": 255, ""max_depth"": 5, ""min_child_samples"": 60, ""min_gain_to_split"": 0.15691620993546482, ""num_leaves"": 48}",COMPLETE
